This file contains any messages produced by compilers while
running configure, to aid debugging if configure makes a mistake.

It was created by xfb configure 1.0, which was
generated by GNU Autoconf 2.69.  Invocation command line was

  $ ./configure 

## --------- ##
## Platform. ##
## --------- ##

hostname = PC
uname -m = x86_64
uname -r = 4.2.0-16-generic
uname -s = Linux
uname -v = #19-Ubuntu SMP Thu Oct 8 15:35:06 UTC 2015

/usr/bin/uname -p = unknown
/bin/uname -X     = unknown

/bin/arch              = unknown
/usr/bin/arch -k       = unknown
/usr/convex/getsysinfo = unknown
/usr/bin/hostinfo      = unknown
/bin/machine           = unknown
/usr/bin/oslevel       = unknown
/bin/universe          = unknown

PATH: /usr/local/sbin
PATH: /usr/local/bin
PATH: /usr/sbin
PATH: /usr/bin
PATH: /sbin
PATH: /bin
PATH: /usr/games
PATH: /usr/local/games
PATH: /opt/skyeye/bin


## ----------- ##
## Core tests. ##
## ----------- ##

configure:2249: checking for a BSD-compatible install
configure:2317: result: /usr/bin/install -c
configure:2328: checking whether build environment is sane
configure:2383: result: yes
configure:2534: checking for a thread-safe mkdir -p
configure:2573: result: /bin/mkdir -p
configure:2580: checking for gawk
configure:2610: result: no
configure:2580: checking for mawk
configure:2596: found /usr/bin/mawk
configure:2607: result: mawk
configure:2618: checking whether make sets $(MAKE)
configure:2640: result: yes
configure:2669: checking whether make supports nested variables
configure:2686: result: yes
configure:2863: checking for gcc
configure:2879: found /usr/bin/gcc
configure:2890: result: gcc
configure:3119: checking for C compiler version
configure:3128: gcc --version >&5
gcc (Ubuntu 4.9.3-5ubuntu1) 4.9.3
Copyright (C) 2015 Free Software Foundation, Inc.
This is free software; see the source for copying conditions.  There is NO
warranty; not even for MERCHANTABILITY or FITNESS FOR A PARTICULAR PURPOSE.

configure:3139: $? = 0
configure:3128: gcc -v >&5
Using built-in specs.
COLLECT_GCC=gcc
COLLECT_LTO_WRAPPER=/usr/lib/gcc/x86_64-linux-gnu/4.9/lto-wrapper
Target: x86_64-linux-gnu
Configured with: ../src/configure -v --with-pkgversion='Ubuntu 4.9.3-5ubuntu1' --with-bugurl=file:///usr/share/doc/gcc-4.9/README.Bugs --enable-languages=c,c++,java,go,d,fortran,objc,obj-c++ --prefix=/usr --program-suffix=-4.9 --enable-shared --enable-linker-build-id --libexecdir=/usr/lib --without-included-gettext --enable-threads=posix --with-gxx-include-dir=/usr/include/c++/4.9 --libdir=/usr/lib --enable-nls --with-sysroot=/ --enable-clocale=gnu --enable-libstdcxx-debug --enable-libstdcxx-time=yes --enable-gnu-unique-object --disable-vtable-verify --enable-plugin --with-system-zlib --disable-browser-plugin --enable-java-awt=gtk --enable-gtk-cairo --with-java-home=/usr/lib/jvm/java-1.5.0-gcj-4.9-amd64/jre --enable-java-home --with-jvm-root-dir=/usr/lib/jvm/java-1.5.0-gcj-4.9-amd64 --with-jvm-jar-dir=/usr/lib/jvm-exports/java-1.5.0-gcj-4.9-amd64 --with-arch-directory=amd64 --with-ecj-jar=/usr/share/java/eclipse-ecj.jar --enable-objc-gc --enable-multiarch --disable-werror --with-arch-32=i686 --with-abi=m64 --with-multilib-list=m32,m64,mx32 --enable-multilib --with-tune=generic --enable-checking=release --build=x86_64-linux-gnu --host=x86_64-linux-gnu --target=x86_64-linux-gnu
Thread model: posix
gcc version 4.9.3 (Ubuntu 4.9.3-5ubuntu1) 
configure:3139: $? = 0
configure:3128: gcc -V >&5
gcc: error: unrecognized command line option '-V'
gcc: fatal error: no input files
compilation terminated.
configure:3139: $? = 4
configure:3128: gcc -qversion >&5
gcc: error: unrecognized command line option '-qversion'
gcc: fatal error: no input files
compilation terminated.
configure:3139: $? = 4
configure:3159: checking whether the C compiler works
configure:3181: gcc    conftest.c  >&5
configure:3185: $? = 0
configure:3233: result: yes
configure:3236: checking for C compiler default output file name
configure:3238: result: a.out
configure:3244: checking for suffix of executables
configure:3251: gcc -o conftest    conftest.c  >&5
configure:3255: $? = 0
configure:3277: result: 
configure:3299: checking whether we are cross compiling
configure:3307: gcc -o conftest    conftest.c  >&5
configure:3311: $? = 0
configure:3318: ./conftest
configure:3322: $? = 0
configure:3337: result: no
configure:3342: checking for suffix of object files
configure:3364: gcc -c   conftest.c >&5
configure:3368: $? = 0
configure:3389: result: o
configure:3393: checking whether we are using the GNU C compiler
configure:3412: gcc -c   conftest.c >&5
configure:3412: $? = 0
configure:3421: result: yes
configure:3430: checking whether gcc accepts -g
configure:3450: gcc -c -g  conftest.c >&5
configure:3450: $? = 0
configure:3491: result: yes
configure:3508: checking for gcc option to accept ISO C89
configure:3571: gcc  -c -g -O2  conftest.c >&5
configure:3571: $? = 0
configure:3584: result: none needed
configure:3609: checking whether gcc understands -c and -o together
configure:3631: gcc -c conftest.c -o conftest2.o
configure:3634: $? = 0
configure:3631: gcc -c conftest.c -o conftest2.o
configure:3634: $? = 0
configure:3646: result: yes
configure:3674: checking for style of include used by make
configure:3702: result: GNU
configure:3728: checking dependency style of gcc
configure:3839: result: gcc3
configure:3858: checking for main in -ljpeg
configure:3877: gcc -o conftest -g -O2   conftest.c -ljpeg   >&5
configure:3877: $? = 0
configure:3886: result: yes
configure:3898: checking for main in -lm
configure:3917: gcc -o conftest -g -O2   conftest.c -lm  -ljpeg  >&5
configure:3917: $? = 0
configure:3926: result: yes
configure:3938: checking for main in -lncurses
configure:3957: gcc -o conftest -g -O2   conftest.c -lncurses  -lm -ljpeg  >&5
configure:3957: $? = 0
configure:3966: result: yes
configure:3978: checking for main in -lpthread
configure:3997: gcc -o conftest -g -O2   conftest.c -lpthread  -lncurses -lm -ljpeg  >&5
configure:3997: $? = 0
configure:4006: result: yes
configure:4024: checking how to run the C preprocessor
configure:4055: gcc -E  conftest.c
configure:4055: $? = 0
configure:4069: gcc -E  conftest.c
conftest.c:15:28: fatal error: ac_nonexistent.h: No such file or directory
 #include <ac_nonexistent.h>
                            ^
compilation terminated.
configure:4069: $? = 1
configure: failed program was:
| /* confdefs.h */
| #define PACKAGE_NAME "xfb"
| #define PACKAGE_TARNAME "xfb"
| #define PACKAGE_VERSION "1.0"
| #define PACKAGE_STRING "xfb 1.0"
| #define PACKAGE_BUGREPORT "silent_dxx@163.com"
| #define PACKAGE_URL ""
| #define PACKAGE "XFB"
| #define VERSION "1.0"
| #define HAVE_LIBJPEG 1
| #define HAVE_LIBM 1
| #define HAVE_LIBNCURSES 1
| #define HAVE_LIBPTHREAD 1
| /* end confdefs.h.  */
| #include <ac_nonexistent.h>
configure:4094: result: gcc -E
configure:4114: gcc -E  conftest.c
configure:4114: $? = 0
configure:4128: gcc -E  conftest.c
conftest.c:15:28: fatal error: ac_nonexistent.h: No such file or directory
 #include <ac_nonexistent.h>
                            ^
compilation terminated.
configure:4128: $? = 1
configure: failed program was:
| /* confdefs.h */
| #define PACKAGE_NAME "xfb"
| #define PACKAGE_TARNAME "xfb"
| #define PACKAGE_VERSION "1.0"
| #define PACKAGE_STRING "xfb 1.0"
| #define PACKAGE_BUGREPORT "silent_dxx@163.com"
| #define PACKAGE_URL ""
| #define PACKAGE "XFB"
| #define VERSION "1.0"
| #define HAVE_LIBJPEG 1
| #define HAVE_LIBM 1
| #define HAVE_LIBNCURSES 1
| #define HAVE_LIBPTHREAD 1
| /* end confdefs.h.  */
| #include <ac_nonexistent.h>
configure:4157: checking for grep that handles long lines and -e
configure:4215: result: /bin/grep
configure:4220: checking for egrep
configure:4282: result: /bin/grep -E
configure:4287: checking for ANSI C header files
configure:4307: gcc -c -g -O2  conftest.c >&5
configure:4307: $? = 0
configure:4380: gcc -o conftest -g -O2   conftest.c -lpthread -lncurses -lm -ljpeg  >&5
configure:4380: $? = 0
configure:4380: ./conftest
configure:4380: $? = 0
configure:4391: result: yes
configure:4404: checking for sys/types.h
configure:4404: gcc -c -g -O2  conftest.c >&5
configure:4404: $? = 0
configure:4404: result: yes
configure:4404: checking for sys/stat.h
configure:4404: gcc -c -g -O2  conftest.c >&5
configure:4404: $? = 0
configure:4404: result: yes
configure:4404: checking for stdlib.h
configure:4404: gcc -c -g -O2  conftest.c >&5
configure:4404: $? = 0
configure:4404: result: yes
configure:4404: checking for string.h
configure:4404: gcc -c -g -O2  conftest.c >&5
configure:4404: $? = 0
configure:4404: result: yes
configure:4404: checking for memory.h
configure:4404: gcc -c -g -O2  conftest.c >&5
configure:4404: $? = 0
configure:4404: result: yes
configure:4404: checking for strings.h
configure:4404: gcc -c -g -O2  conftest.c >&5
configure:4404: $? = 0
configure:4404: result: yes
configure:4404: checking for inttypes.h
configure:4404: gcc -c -g -O2  conftest.c >&5
configure:4404: $? = 0
configure:4404: result: yes
configure:4404: checking for stdint.h
configure:4404: gcc -c -g -O2  conftest.c >&5
configure:4404: $? = 0
configure:4404: result: yes
configure:4404: checking for unistd.h
configure:4404: gcc -c -g -O2  conftest.c >&5
configure:4404: $? = 0
configure:4404: result: yes
configure:4419: checking fcntl.h usability
configure:4419: gcc -c -g -O2  conftest.c >&5
configure:4419: $? = 0
configure:4419: result: yes
configure:4419: checking fcntl.h presence
configure:4419: gcc -E  conftest.c
configure:4419: $? = 0
configure:4419: result: yes
configure:4419: checking for fcntl.h
configure:4419: result: yes
configure:4419: checking for stdlib.h
configure:4419: result: yes
configure:4419: checking for string.h
configure:4419: result: yes
configure:4419: checking sys/ioctl.h usability
configure:4419: gcc -c -g -O2  conftest.c >&5
configure:4419: $? = 0
configure:4419: result: yes
configure:4419: checking sys/ioctl.h presence
configure:4419: gcc -E  conftest.c
configure:4419: $? = 0
configure:4419: result: yes
configure:4419: checking for sys/ioctl.h
configure:4419: result: yes
configure:4419: checking sys/time.h usability
configure:4419: gcc -c -g -O2  conftest.c >&5
configure:4419: $? = 0
configure:4419: result: yes
configure:4419: checking sys/time.h presence
configure:4419: gcc -E  conftest.c
configure:4419: $? = 0
configure:4419: result: yes
configure:4419: checking for sys/time.h
configure:4419: result: yes
configure:4419: checking for unistd.h
configure:4419: result: yes
configure:4431: checking for inline
configure:4447: gcc -c -g -O2  conftest.c >&5
configure:4447: $? = 0
configure:4455: result: inline
configure:4473: checking for size_t
configure:4473: gcc -c -g -O2  conftest.c >&5
configure:4473: $? = 0
configure:4473: gcc -c -g -O2  conftest.c >&5
conftest.c: In function 'main':
conftest.c:67:21: error: expected expression before ')' token
 if (sizeof ((size_t)))
                     ^
configure:4473: $? = 1
configure: failed program was:
| /* confdefs.h */
| #define PACKAGE_NAME "xfb"
| #define PACKAGE_TARNAME "xfb"
| #define PACKAGE_VERSION "1.0"
| #define PACKAGE_STRING "xfb 1.0"
| #define PACKAGE_BUGREPORT "silent_dxx@163.com"
| #define PACKAGE_URL ""
| #define PACKAGE "XFB"
| #define VERSION "1.0"
| #define HAVE_LIBJPEG 1
| #define HAVE_LIBM 1
| #define HAVE_LIBNCURSES 1
| #define HAVE_LIBPTHREAD 1
| #define STDC_HEADERS 1
| #define HAVE_SYS_TYPES_H 1
| #define HAVE_SYS_STAT_H 1
| #define HAVE_STDLIB_H 1
| #define HAVE_STRING_H 1
| #define HAVE_MEMORY_H 1
| #define HAVE_STRINGS_H 1
| #define HAVE_INTTYPES_H 1
| #define HAVE_STDINT_H 1
| #define HAVE_UNISTD_H 1
| #define HAVE_FCNTL_H 1
| #define HAVE_STDLIB_H 1
| #define HAVE_STRING_H 1
| #define HAVE_SYS_IOCTL_H 1
| #define HAVE_SYS_TIME_H 1
| #define HAVE_UNISTD_H 1
| /* end confdefs.h.  */
| #include <stdio.h>
| #ifdef HAVE_SYS_TYPES_H
| # include <sys/types.h>
| #endif
| #ifdef HAVE_SYS_STAT_H
| # include <sys/stat.h>
| #endif
| #ifdef STDC_HEADERS
| # include <stdlib.h>
| # include <stddef.h>
| #else
| # ifdef HAVE_STDLIB_H
| #  include <stdlib.h>
| # endif
| #endif
| #ifdef HAVE_STRING_H
| # if !defined STDC_HEADERS && defined HAVE_MEMORY_H
| #  include <memory.h>
| # endif
| # include <string.h>
| #endif
| #ifdef HAVE_STRINGS_H
| # include <strings.h>
| #endif
| #ifdef HAVE_INTTYPES_H
| # include <inttypes.h>
| #endif
| #ifdef HAVE_STDINT_H
| # include <stdint.h>
| #endif
| #ifdef HAVE_UNISTD_H
| # include <unistd.h>
| #endif
| int
| main ()
| {
| if (sizeof ((size_t)))
| 	    return 0;
|   ;
|   return 0;
| }
configure:4473: result: yes
configure:4488: checking for stdlib.h
configure:4488: result: yes
configure:4498: checking for GNU libc compatible malloc
configure:4522: gcc -o conftest -g -O2   conftest.c -lpthread -lncurses -lm -ljpeg  >&5
configure:4522: $? = 0
configure:4522: ./conftest
configure:4522: $? = 0
configure:4532: result: yes
configure:4559: checking for stdlib.h
configure:4559: result: yes
configure:4559: checking for unistd.h
configure:4559: result: yes
configure:4559: checking for sys/param.h
configure:4559: gcc -c -g -O2  conftest.c >&5
configure:4559: $? = 0
configure:4559: result: yes
configure:4579: checking for getpagesize
configure:4579: gcc -o conftest -g -O2   conftest.c -lpthread -lncurses -lm -ljpeg  >&5
configure:4579: $? = 0
configure:4579: result: yes
configure:4588: checking for working mmap
configure:4735: gcc -o conftest -g -O2   conftest.c -lpthread -lncurses -lm -ljpeg  >&5
configure:4735: $? = 0
configure:4735: ./conftest
configure:4735: $? = 0
configure:4745: result: yes
configure:4757: checking for atexit
configure:4757: gcc -o conftest -g -O2   conftest.c -lpthread -lncurses -lm -ljpeg  >&5
configure:4757: $? = 0
configure:4757: result: yes
configure:4757: checking for getpagesize
configure:4757: result: yes
configure:4757: checking for memmove
configure:4757: gcc -o conftest -g -O2   conftest.c -lpthread -lncurses -lm -ljpeg  >&5
conftest.c:63:6: warning: conflicting types for built-in function 'memmove'
 char memmove ();
      ^
configure:4757: $? = 0
configure:4757: result: yes
configure:4757: checking for memset
configure:4757: gcc -o conftest -g -O2   conftest.c -lpthread -lncurses -lm -ljpeg  >&5
conftest.c:64:6: warning: conflicting types for built-in function 'memset'
 char memset ();
      ^
configure:4757: $? = 0
configure:4757: result: yes
configure:4757: checking for munmap
configure:4757: gcc -o conftest -g -O2   conftest.c -lpthread -lncurses -lm -ljpeg  >&5
configure:4757: $? = 0
configure:4757: result: yes
configure:4757: checking for select
configure:4757: gcc -o conftest -g -O2   conftest.c -lpthread -lncurses -lm -ljpeg  >&5
configure:4757: $? = 0
configure:4757: result: yes
configure:4878: checking that generated files are newer than configure
configure:4884: result: done
configure:4907: creating ./config.status

## ---------------------- ##
## Running config.status. ##
## ---------------------- ##

This file was extended by xfb config.status 1.0, which was
generated by GNU Autoconf 2.69.  Invocation command line was

  CONFIG_FILES    = 
  CONFIG_HEADERS  = 
  CONFIG_LINKS    = 
  CONFIG_COMMANDS = 
  $ ./config.status 

on PC

config.status:876: creating Makefile
config.status:876: creating src/Makefile
config.status:876: creating config.h
config.status:1105: executing depfiles commands

## ---------------- ##
## Cache variables. ##
## ---------------- ##

ac_cv_c_compiler_gnu=yes
ac_cv_c_inline=inline
ac_cv_env_CC_set=
ac_cv_env_CC_value=
ac_cv_env_CFLAGS_set=
ac_cv_env_CFLAGS_value=
ac_cv_env_CPPFLAGS_set=
ac_cv_env_CPPFLAGS_value=
ac_cv_env_CPP_set=
ac_cv_env_CPP_value=
ac_cv_env_LDFLAGS_set=
ac_cv_env_LDFLAGS_value=
ac_cv_env_LIBS_set=
ac_cv_env_LIBS_value=
ac_cv_env_build_alias_set=
ac_cv_env_build_alias_value=
ac_cv_env_host_alias_set=
ac_cv_env_host_alias_value=
ac_cv_env_target_alias_set=
ac_cv_env_target_alias_value=
ac_cv_func_atexit=yes
ac_cv_func_getpagesize=yes
ac_cv_func_malloc_0_nonnull=yes
ac_cv_func_memmove=yes
ac_cv_func_memset=yes
ac_cv_func_mmap_fixed_mapped=yes
ac_cv_func_munmap=yes
ac_cv_func_select=yes
ac_cv_header_fcntl_h=yes
ac_cv_header_inttypes_h=yes
ac_cv_header_memory_h=yes
ac_cv_header_stdc=yes
ac_cv_header_stdint_h=yes
ac_cv_header_stdlib_h=yes
ac_cv_header_string_h=yes
ac_cv_header_strings_h=yes
ac_cv_header_sys_ioctl_h=yes
ac_cv_header_sys_param_h=yes
ac_cv_header_sys_stat_h=yes
ac_cv_header_sys_time_h=yes
ac_cv_header_sys_types_h=yes
ac_cv_header_unistd_h=yes
ac_cv_lib_jpeg_main=yes
ac_cv_lib_m_main=yes
ac_cv_lib_ncurses_main=yes
ac_cv_lib_pthread_main=yes
ac_cv_objext=o
ac_cv_path_EGREP='/bin/grep -E'
ac_cv_path_GREP=/bin/grep
ac_cv_path_install='/usr/bin/install -c'
ac_cv_path_mkdir=/bin/mkdir
ac_cv_prog_AWK=mawk
ac_cv_prog_CPP='gcc -E'
ac_cv_prog_ac_ct_CC=gcc
ac_cv_prog_cc_c89=
ac_cv_prog_cc_g=yes
ac_cv_prog_make_make_set=yes
ac_cv_type_size_t=yes
am_cv_CC_dependencies_compiler_type=gcc3
am_cv_make_support_nested_variables=yes
am_cv_prog_cc_c_o=yes

## ----------------- ##
## Output variables. ##
## ----------------- ##

ACLOCAL='${SHELL} /home/silent-dxx/mycode/xfb-pro/xfb/missing aclocal-1.15'
AMDEPBACKSLASH='\'
AMDEP_FALSE='#'
AMDEP_TRUE=''
AMTAR='$${TAR-tar}'
AM_BACKSLASH='\'
AM_DEFAULT_V='$(AM_DEFAULT_VERBOSITY)'
AM_DEFAULT_VERBOSITY='1'
AM_V='$(V)'
AUTOCONF='${SHELL} /home/silent-dxx/mycode/xfb-pro/xfb/missing autoconf'
AUTOHEADER='${SHELL} /home/silent-dxx/mycode/xfb-pro/xfb/missing autoheader'
AUTOMAKE='${SHELL} /home/silent-dxx/mycode/xfb-pro/xfb/missing automake-1.15'
AWK='mawk'
CC='gcc'
CCDEPMODE='depmode=gcc3'
CFLAGS='-g -O2'
CPP='gcc -E'
CPPFLAGS=''
CYGPATH_W='echo'
DEFS='-DHAVE_CONFIG_H'
DEPDIR='.deps'
ECHO_C=''
ECHO_N='-n'
ECHO_T=''
EGREP='/bin/grep -E'
EXEEXT=''
GREP='/bin/grep'
INSTALL_DATA='${INSTALL} -m 644'
INSTALL_PROGRAM='${INSTALL}'
INSTALL_SCRIPT='${INSTALL}'
INSTALL_STRIP_PROGRAM='$(install_sh) -c -s'
LDFLAGS=''
LIBOBJS=''
LIBS='-lpthread -lncurses -lm -ljpeg '
LTLIBOBJS=''
MAKEINFO='${SHELL} /home/silent-dxx/mycode/xfb-pro/xfb/missing makeinfo'
MKDIR_P='/bin/mkdir -p'
OBJEXT='o'
PACKAGE='XFB'
PACKAGE_BUGREPORT='silent_dxx@163.com'
PACKAGE_NAME='xfb'
PACKAGE_STRING='xfb 1.0'
PACKAGE_TARNAME='xfb'
PACKAGE_URL=''
PACKAGE_VERSION='1.0'
PATH_SEPARATOR=':'
SET_MAKE=''
SHELL='/bin/bash'
STRIP=''
VERSION='1.0'
ac_ct_CC='gcc'
am__EXEEXT_FALSE=''
am__EXEEXT_TRUE='#'
am__fastdepCC_FALSE='#'
am__fastdepCC_TRUE=''
am__include='include'
am__isrc=''
am__leading_dot='.'
am__nodep='_no'
am__quote=''
am__tar='$${TAR-tar} chof - "$$tardir"'
am__untar='$${TAR-tar} xf -'
bindir='${exec_prefix}/bin'
build_alias=''
datadir='${datarootdir}'
datarootdir='${prefix}/share'
docdir='${datarootdir}/doc/${PACKAGE_TARNAME}'
dvidir='${docdir}'
exec_prefix='${prefix}'
host_alias=''
htmldir='${docdir}'
includedir='${prefix}/include'
infodir='${datarootdir}/info'
install_sh='${SHELL} /home/silent-dxx/mycode/xfb-pro/xfb/install-sh'
libdir='${exec_prefix}/lib'
libexecdir='${exec_prefix}/libexec'
localedir='${datarootdir}/locale'
localstatedir='${prefix}/var'
mandir='${datarootdir}/man'
mkdir_p='$(MKDIR_P)'
oldincludedir='/usr/include'
pdfdir='${docdir}'
prefix='/usr/local'
program_transform_name='s,x,x,'
psdir='${docdir}'
sbindir='${exec_prefix}/sbin'
sharedstatedir='${prefix}/com'
sysconfdir='${prefix}/etc'
target_alias=''

## ----------- ##
## confdefs.h. ##
## ----------- ##

/* confdefs.h */
#define PACKAGE_NAME "xfb"
#define PACKAGE_TARNAME "xfb"
#define PACKAGE_VERSION "1.0"
#define PACKAGE_STRING "xfb 1.0"
#define PACKAGE_BUGREPORT "silent_dxx@163.com"
#define PACKAGE_URL ""
#define PACKAGE "XFB"
#define VERSION "1.0"
#define HAVE_LIBJPEG 1
#define HAVE_LIBM 1
#define HAVE_LIBNCURSES 1
#define HAVE_LIBPTHREAD 1
#define STDC_HEADERS 1
#define HAVE_SYS_TYPES_H 1
#define HAVE_SYS_STAT_H 1
#define HAVE_STDLIB_H 1
#define HAVE_STRING_H 1
#define HAVE_MEMORY_H 1
#define HAVE_STRINGS_H 1
#define HAVE_INTTYPES_H 1
#define HAVE_STDINT_H 1
#define HAVE_UNISTD_H 1
#define HAVE_FCNTL_H 1
#define HAVE_STDLIB_H 1
#define HAVE_STRING_H 1
#define HAVE_SYS_IOCTL_H 1
#define HAVE_SYS_TIME_H 1
#define HAVE_UNISTD_H 1
#define HAVE_STDLIB_H 1
#define HAVE_MALLOC 1
#define HAVE_STDLIB_H 1
#define HAVE_UNISTD_H 1
#define HAVE_SYS_PARAM_H 1
#define HAVE_GETPAGESIZE 1
#define HAVE_MMAP 1
#define HAVE_ATEXIT 1
#define HAVE_GETPAGESIZE 1
#define HAVE_MEMMOVE 1
#define HAVE_MEMSET 1
#define HAVE_MUNMAP 1
#define HAVE_SELECT 1

configure: exit 0
